D:\Freelance\HousePricePrediction\PricePredictClient\dist\out-tsc\e2e\src\app.po.js
D:\Freelance\HousePricePrediction\PricePredictClient\dist\out-tsc\e2e\src\app.po.js.map
D:\Freelance\HousePricePrediction\PricePredictClient\dist\out-tsc\e2e\src\app.e2e-spec.js
D:\Freelance\HousePricePrediction\PricePredictClient\dist\out-tsc\e2e\src\app.e2e-spec.js.map
D:\Freelance\HousePricePrediction\PricePredictClient\dist\out-tsc\src\app\models\predict.model.js
D:\Freelance\HousePricePrediction\PricePredictClient\dist\out-tsc\src\app\models\predict.model.js.map
D:\Freelance\HousePricePrediction\PricePredictClient\dist\out-tsc\src\environments\environment.js
D:\Freelance\HousePricePrediction\PricePredictClient\dist\out-tsc\src\environments\environment.js.map
D:\Freelance\HousePricePrediction\PricePredictClient\dist\out-tsc\src\app\app.constants.js
D:\Freelance\HousePricePrediction\PricePredictClient\dist\out-tsc\src\app\app.constants.js.map
D:\Freelance\HousePricePrediction\PricePredictClient\dist\out-tsc\src\app\services\common\local.service.js
D:\Freelance\HousePricePrediction\PricePredictClient\dist\out-tsc\src\app\services\common\local.service.js.map
D:\Freelance\HousePricePrediction\PricePredictClient\dist\out-tsc\src\app\services\common\error.service.js
D:\Freelance\HousePricePrediction\PricePredictClient\dist\out-tsc\src\app\services\common\error.service.js.map
D:\Freelance\HousePricePrediction\PricePredictClient\dist\out-tsc\src\app\services\global.service.js
D:\Freelance\HousePricePrediction\PricePredictClient\dist\out-tsc\src\app\services\global.service.js.map
D:\Freelance\HousePricePrediction\PricePredictClient\dist\out-tsc\src\app\services\common\base.service.js
D:\Freelance\HousePricePrediction\PricePredictClient\dist\out-tsc\src\app\services\common\base.service.js.map
D:\Freelance\HousePricePrediction\PricePredictClient\dist\out-tsc\src\app\services\predict.service.js
D:\Freelance\HousePricePrediction\PricePredictClient\dist\out-tsc\src\app\services\predict.service.js.map
D:\Freelance\HousePricePrediction\PricePredictClient\dist\out-tsc\src\app\components\homepage\homepage.component.js
D:\Freelance\HousePricePrediction\PricePredictClient\dist\out-tsc\src\app\components\homepage\homepage.component.js.map
D:\Freelance\HousePricePrediction\PricePredictClient\dist\out-tsc\src\app\app-routing.module.js
D:\Freelance\HousePricePrediction\PricePredictClient\dist\out-tsc\src\app\app-routing.module.js.map
D:\Freelance\HousePricePrediction\PricePredictClient\dist\out-tsc\src\app\app.component.js
D:\Freelance\HousePricePrediction\PricePredictClient\dist\out-tsc\src\app\app.component.js.map
D:\Freelance\HousePricePrediction\PricePredictClient\dist\out-tsc\src\app\pipes\image.pipe.js
D:\Freelance\HousePricePrediction\PricePredictClient\dist\out-tsc\src\app\pipes\image.pipe.js.map
D:\Freelance\HousePricePrediction\PricePredictClient\dist\out-tsc\src\app\pipes\number.pipe.js
D:\Freelance\HousePricePrediction\PricePredictClient\dist\out-tsc\src\app\pipes\number.pipe.js.map
D:\Freelance\HousePricePrediction\PricePredictClient\dist\out-tsc\src\app\app.module.js
D:\Freelance\HousePricePrediction\PricePredictClient\dist\out-tsc\src\app\app.module.js.map
D:\Freelance\HousePricePrediction\PricePredictClient\dist\out-tsc\src\main.js
D:\Freelance\HousePricePrediction\PricePredictClient\dist\out-tsc\src\main.js.map
D:\Freelance\HousePricePrediction\PricePredictClient\dist\out-tsc\src\polyfills.js
D:\Freelance\HousePricePrediction\PricePredictClient\dist\out-tsc\src\polyfills.js.map
D:\Freelance\HousePricePrediction\PricePredictClient\dist\out-tsc\src\test.js
D:\Freelance\HousePricePrediction\PricePredictClient\dist\out-tsc\src\test.js.map
D:\Freelance\HousePricePrediction\PricePredictClient\dist\out-tsc\src\app\app.component.spec.js
D:\Freelance\HousePricePrediction\PricePredictClient\dist\out-tsc\src\app\app.component.spec.js.map
D:\Freelance\HousePricePrediction\PricePredictClient\dist\out-tsc\src\app\components\homepage\homepage.component.spec.js
D:\Freelance\HousePricePrediction\PricePredictClient\dist\out-tsc\src\app\components\homepage\homepage.component.spec.js.map
D:\Freelance\HousePricePrediction\PricePredictClient\dist\out-tsc\src\app\utils\util-common.js
D:\Freelance\HousePricePrediction\PricePredictClient\dist\out-tsc\src\app\utils\util-common.js.map
D:\Freelance\HousePricePrediction\PricePredictClient\dist\out-tsc\src\environments\environment.prod.js
D:\Freelance\HousePricePrediction\PricePredictClient\dist\out-tsc\src\environments\environment.prod.js.map
